[  4474.845] 
X.Org X Server 1.20.4
X Protocol Version 11, Revision 0
[  4474.845] Build Operating System: Linux 4.9.0-8-amd64 x86_64 Debian
[  4474.845] Current Operating System: Linux toaster 5.2.0-kali2-amd64 #1 SMP Debian 5.2.9-2kali1 (2019-08-22) x86_64
[  4474.845] Kernel command line: BOOT_IMAGE=/boot/vmlinuz-5.2.0-kali2-amd64 root=UUID=5512655c-0155-47d0-86c3-489cbc7a105f ro quiet
[  4474.845] Build Date: 05 March 2019  08:11:12PM
[  4474.845] xorg-server 2:1.20.4-1 (https://www.debian.org/support) 
[  4474.845] Current version of pixman: 0.36.0
[  4474.845] 	Before reporting problems, check http://wiki.x.org
	to make sure that you have the latest version.
[  4474.845] Markers: (--) probed, (**) from config file, (==) default setting,
	(++) from command line, (!!) notice, (II) informational,
	(WW) warning, (EE) error, (NI) not implemented, (??) unknown.
[  4474.845] (==) Log file: "/home/emanon/.local/share/xorg/Xorg.1.log", Time: Tue Sep 10 21:16:18 2019
[  4474.845] (==) Using system config directory "/usr/share/X11/xorg.conf.d"
[  4474.845] (==) No Layout section.  Using the first Screen section.
[  4474.845] (==) No screen section available. Using defaults.
[  4474.845] (**) |-->Screen "Default Screen Section" (0)
[  4474.845] (**) |   |-->Monitor "<default monitor>"
[  4474.845] (==) No monitor specified for screen "Default Screen Section".
	Using a default monitor configuration.
[  4474.845] (==) Automatically adding devices
[  4474.845] (==) Automatically enabling devices
[  4474.845] (==) Automatically adding GPU devices
[  4474.845] (==) Max clients allowed: 256, resource mask: 0x1fffff
[  4474.845] (WW) The directory "/usr/share/fonts/X11/cyrillic" does not exist.
[  4474.845] 	Entry deleted from font path.
[  4474.845] (==) FontPath set to:
	/usr/share/fonts/X11/misc,
	/usr/share/fonts/X11/100dpi/:unscaled,
	/usr/share/fonts/X11/75dpi/:unscaled,
	/usr/share/fonts/X11/Type1,
	/usr/share/fonts/X11/100dpi,
	/usr/share/fonts/X11/75dpi,
	built-ins
[  4474.845] (==) ModulePath set to "/usr/lib/xorg/modules"
[  4474.845] (II) The server relies on udev to provide the list of input devices.
	If no devices become available, reconfigure udev or disable AutoAddDevices.
[  4474.845] (II) Loader magic: 0x55d914262e20
[  4474.845] (II) Module ABI versions:
[  4474.845] 	X.Org ANSI C Emulation: 0.4
[  4474.845] 	X.Org Video Driver: 24.0
[  4474.845] 	X.Org XInput driver : 24.1
[  4474.845] 	X.Org Server Extension : 10.0
[  4474.846] (EE) systemd-logind: failed to get session: PID 22480 does not belong to any known session
[  4474.847] (II) xfree86: Adding drm device (/dev/dri/card0)
[  4474.847] (EE) /dev/dri/card0: failed to set DRM interface version 1.4: Permission denied
[  4474.848] (--) PCI:*(0@0:2:0) 8086:5917:1043:1d30 rev 7, Mem @ 0xee000000/16777216, 0xd0000000/268435456, I/O @ 0x0000f000/64, BIOS @ 0x????????/131072
[  4474.848] (II) LoadModule: "glx"
[  4474.848] (II) Loading /usr/lib/xorg/modules/extensions/libglx.so
[  4474.849] (II) Module glx: vendor="X.Org Foundation"
[  4474.849] 	compiled for 1.20.4, module version = 1.0.0
[  4474.849] 	ABI class: X.Org Server Extension, version 10.0
[  4474.849] (==) Matched modesetting as autoconfigured driver 0
[  4474.849] (==) Matched fbdev as autoconfigured driver 1
[  4474.849] (==) Matched vesa as autoconfigured driver 2
[  4474.849] (==) Assigned the driver to the xf86ConfigLayout
[  4474.849] (II) LoadModule: "modesetting"
[  4474.849] (II) Loading /usr/lib/xorg/modules/drivers/modesetting_drv.so
[  4474.849] (II) Module modesetting: vendor="X.Org Foundation"
[  4474.849] 	compiled for 1.20.4, module version = 1.20.4
[  4474.849] 	Module class: X.Org Video Driver
[  4474.849] 	ABI class: X.Org Video Driver, version 24.0
[  4474.849] (II) LoadModule: "fbdev"
[  4474.849] (II) Loading /usr/lib/xorg/modules/drivers/fbdev_drv.so
[  4474.849] (II) Module fbdev: vendor="X.Org Foundation"
[  4474.849] 	compiled for 1.20.0, module version = 0.5.0
[  4474.849] 	Module class: X.Org Video Driver
[  4474.849] 	ABI class: X.Org Video Driver, version 24.0
[  4474.849] (II) LoadModule: "vesa"
[  4474.849] (II) Loading /usr/lib/xorg/modules/drivers/vesa_drv.so
[  4474.849] (II) Module vesa: vendor="X.Org Foundation"
[  4474.849] 	compiled for 1.20.4, module version = 2.4.0
[  4474.849] 	Module class: X.Org Video Driver
[  4474.849] 	ABI class: X.Org Video Driver, version 24.0
[  4474.849] (II) modesetting: Driver for Modesetting Kernel Drivers: kms
[  4474.849] (II) FBDEV: driver for framebuffer: fbdev
[  4474.849] (II) VESA: driver for VESA chipsets: vesa
[  4474.849] (EE) 
Fatal server error:
[  4474.849] (EE) parse_vt_settings: Cannot open /dev/tty0 (Permission denied)
[  4474.849] (EE) 
[  4474.849] (EE) 
Please consult the The X.Org Foundation support 
	 at http://wiki.x.org
 for help. 
[  4474.849] (EE) Please also check the log file at "/home/emanon/.local/share/xorg/Xorg.1.log" for additional information.
[  4474.849] (EE) 
[  4474.849] (WW) xf86CloseConsole: KDSETMODE failed: Bad file descriptor
[  4474.849] (WW) xf86CloseConsole: VT_GETMODE failed: Bad file descriptor
[  4474.849] (EE) Server terminated with error (1). Closing log file.
