https://www.reddit.com/r/linux/comments/dhldmu/linux_experiencesrants_or_educationcertifications/
https://www.reddit.com/r/linux/comments/dhldmu/linux_experiencesrants_or_educationcertifications/
https://www.reddit.com/r/linux/comments/dhldmu/linux_experiencesrants_or_educationcertifications/
https://v.redd.it/m5p8efb2rrs31
https://i.redd.it/exk82wg1css31.png
https://i.redd.it/msgnvpx1ijs31.png
https://i.redd.it/l9w2kgbzb4s31.png
https://www.reddit.com/r/linuxmasterrace/comments/dhmkdi/replacing_osx_with_linux/
https://kde.org/announcements/plasma-5.17.0.php
https://www.reddit.com/r/HongKong/comments/cxsz4i/megathread_resources_for_antiextradition_protest/
http://www.mtr.com.hk/en/customer/services/mtr_mobile.html
https://en.wikipedia.org/wiki/2019_Hong_Kong_protests
https://www.reddit.com/r/gnome/comments/dhvy19/anyone_else_experiencing_large_memory_leaks_in_334/
https://www.reddit.com/r/gnome/comments/dhvy19/anyone_else_experiencing_large_memory_leaks_in_334/
https://v.redd.it/2dqrpw9xcps31
https://www.unixgame.io/unix50
https://youtu.be/DfmLms1UOJg
https://github.com/im-n1/eagle
https://www.reddit.com/r/vim/comments/diu208/can_you_open_a_file_in_an_already_running/
https://www.reddit.com/r/vim/comments/diwcby/is_there_a_way_to_get_the_cursor_column_number/
https://i.redd.it/hew2i7lqkns31.gif
https://github.com/rektrex/micro.vim
https://nora.codes/post/modding-vim-i3-and-efficiency/
https://www.reddit.com/r/gnome/comments/dinj42/dual_screen_oddity/
https://www.reddit.com/r/gnome/comments/dhvy19/anyone_else_experiencing_large_memory_leaks_in_334/
https://i.redd.it/pzdes0fzu5t31.png
https://i.redd.it/z3c6l401szs31.jpg
https://i.redd.it/4qi8juehrfs31.png
https://i.redd.it/12e923m14bs31.jpg
https://www.reddit.com/r/linuxmasterrace/comments/d54tyo/screenshot_setup_new_user_megathread_part_cinq/
https://i.redd.it/i1xy78ghbat31.jpg
https://v.redd.it/s28c0llyddt31
https://i.redd.it/8oflk8h85dt31.png
https://i.redd.it/rkgz7vuajat31.jpg
https://i.redd.it/1kr3nj0vz6t31.jpg
https://i.redd.it/frctf6aupvq31.jpg
https://i.redd.it/05863hbpv9p31.jpg
https://i.redd.it/75e7d2iswft31.png
https://gfycat.com/elateddamagedcow
https://i.redd.it/kqay3478xft31.png
https://gfycat.com/improbableanothercatfish
https://i.redd.it/ytan3lt1cht31.png
https://i.redd.it/bdxbmy6wldt31.png